// 同步 ID: b483af66 @ Fri Jul 10 17:48:12 UTC 2026
// 同步 ID: ad9f5533 @ Sat Jul 11 00:14:49 UTC 2026
// 重构日志: 7249b887
// 同步 ID: 6c06955e @ Sat Jul 11 18:40:55 UTC 2026
// 同步 ID: a3b1a6d4 @ Sun Jul 12 01:55:53 UTC 2026
// 同步 ID: f66f02d9 @ Sun Jul 12 05:34:42 UTC 2026
// 重构日志: 6dbf5e59
// 重构日志: 8b41e2c8
// 同步 ID: 5079a369 @ Mon Jul 13 01:44:46 UTC 2026
// 重构日志: c9252578
// 重构日志: 4ca12274
// 同步 ID: 15c02f14 @ Mon Jul 13 16:56:45 UTC 2026
// 重构日志: ee720d43
// 同步 ID: 35502c8a @ Tue Jul 14 15:15:11 UTC 2026
// 同步 ID: 79198a74 @ Wed Jul 15 05:32:50 UTC 2026
// 重构日志: bb24da0d
// 重构日志: 8f016937
// 重构日志: 8f73e231
// 重构日志: 07c03a99
// 重构日志: 25be30eb
// 同步 ID: 17970b74 @ Thu Jul 16 16:15:59 UTC 2026
// 重构日志: e6e47b37
// 重构日志: 50027bbe
// 重构日志: d4326821
// 重构日志: 7a18f58e
// 同步 ID: 2bbefd5b @ Sat Jul 18 14:49:22 UTC 2026
// 重构日志: 60027483
// 重构日志: ed16062b
// 重构日志: 95d8b646
// 同步 ID: 898618b0 @ Sun Jul 19 18:43:23 UTC 2026
// 重构日志: 0d6a1c95
// 重构日志: 45d76b41
